13-02-2024 16:29:39 [info]: Usuário atualizado: 65cbc323bfaf1dc53ea25b56
13-02-2024 16:30:05 [info]: Usuário atualizado: 65cbc33cbfaf1dc53ea25b5a
13-02-2024 16:31:19 [warning]: Tentativa de acesso com senha incorreta: joao2@silva.com
13-02-2024 16:31:32 [info]: Usuário atualizado: 65cbc33cbfaf1dc53ea25b5a
13-02-2024 16:31:32 [info]: Acesso realizado: joao2@silva.com
13-02-2024 16:32:51 [info]: Usuário atualizado: 65cbc33cbfaf1dc53ea25b5a
13-02-2024 16:32:51 [info]: Acesso realizado: joao2@silva.com
13-02-2024 16:53:09 [info]: Novo usuário registrado: 65cbc8a5b02666ce51c8cbf5
13-02-2024 16:53:18 [warning]: Tentativa de acesso com senha incorreta: joao3@silva.com
13-02-2024 16:56:10 [warning]: Tentativa de acesso com senha incorreta: joao3@silva.com
13-02-2024 16:57:22 [warning]: Tentativa de acesso com senha incorreta: joao3@silva.com
13-02-2024 16:59:46 [warning]: Tentativa de acesso com senha incorreta: joao3@silva.com
13-02-2024 17:06:11 [warning]: Tentativa de acesso com senha incorreta: joao3@silva.com
13-02-2024 17:09:13 [warning]: Tentativa de acesso com senha incorreta: joao3@silva.com
13-02-2024 17:12:15 [warning]: Tentativa de acesso com senha incorreta: joao3@silva.com
13-02-2024 17:15:22 [warning]: Tentativa de acesso com senha incorreta: joao3@silva.com
13-02-2024 17:16:05 [info]: Usuário atualizado: 65cbce05e5509cf11f65a86b
13-02-2024 17:16:13 [info]: Usuário atualizado: 65cbce05e5509cf11f65a86b
13-02-2024 17:16:13 [info]: Acesso realizado: joao111@silva.com
13-02-2024 17:18:34 [info]: Novo usuário registrado: 65cbce9a69120cb19b9d4b94
13-02-2024 17:18:43 [info]: Usuário atualizado: 65cbce9a69120cb19b9d4b94
13-02-2024 17:18:43 [info]: Acesso realizado: joao222@silva.com
13-02-2024 17:20:21 [warning]: Usuário excluído: 65cbc8a5b02666ce51c8cbf5
13-02-2024 17:24:26 [info]: Usuário atualizado: 65ad75a527eb78d7bce6dd38
13-02-2024 17:26:49 [info]: Usuário atualizado: 65ad75a527eb78d7bce6dd38
13-02-2024 17:28:04 [info]: Usuário atualizado: 65cbce9a69120cb19b9d4b94
13-02-2024 17:28:04 [info]: Acesso realizado: 65cbce9a69120cb19b9d4b94
13-02-2024 17:29:02 [info]: Usuário atualizado: 65ad75a527eb78d7bce6dd38
13-02-2024 17:32:55 [info]: Usuário atualizado: 65cbce9a69120cb19b9d4b94
13-02-2024 17:32:55 [info]: Acesso realizado: 65cbce9a69120cb19b9d4b94
13-02-2024 17:33:13 [info]: Usuário atualizado: 65ad75a527eb78d7bce6dd38
13-02-2024 17:33:13 [info]: Usuário atualizado: 65ad75a527eb78d7bce6dd38
13-02-2024 17:33:57 [info]: Usuário atualizado: 65ad75a527eb78d7bce6dd38
13-02-2024 17:33:57 [info]: Usuário atualizado: 65ad75a527eb78d7bce6dd38
13-02-2024 17:37:23 [info]: Usuário atualizado: 65ad75a527eb78d7bce6dd38
13-02-2024 17:37:23 [info]: Usuário atualizado: 65ad75a527eb78d7bce6dd38
13-02-2024 17:40:05 [error]: Erro ao tentar realizar o logout do usuario: Desconhecido
13-02-2024 17:40:26 [error]: Erro ao tentar realizar o logout do usuario: Desconhecido
13-02-2024 17:40:37 [error]: Erro ao tentar realizar o logout do usuario: Desconhecido
13-02-2024 17:41:21 [info]: Usuário atualizado: 65cbce9a69120cb19b9d4b94
13-02-2024 17:41:21 [error]: Erro ao tentar realizar o logout do usuario: Desconhecido
13-02-2024 17:42:47 [error]: Erro ao tentar realizar o logout do usuario: Desconhecido
13-02-2024 17:48:12 [error]: Erro ao tentar realizar o logout do usuario: Desconhecido
13-02-2024 19:34:05 [info]: Usuário atualizado: 65cbce9a69120cb19b9d4b94
13-02-2024 19:34:06 [info]: Acesso realizado: 65cbce9a69120cb19b9d4b94
13-02-2024 19:42:31 [info]: Usuário atualizado: 65cbce9a69120cb19b9d4b94
13-02-2024 19:42:31 [info]: Acesso realizado: 65cbce9a69120cb19b9d4b94
13-02-2024 19:43:45 [info]: Usuário atualizado: 65cbce9a69120cb19b9d4b94
13-02-2024 19:49:45 [info]: Usuário atualizado: 65cbce9a69120cb19b9d4b94
13-02-2024 19:49:45 [info]: Acesso realizado: 65cbce9a69120cb19b9d4b94
13-02-2024 19:50:30 [info]: Usuário atualizado: 65cbce9a69120cb19b9d4b94
13-02-2024 19:53:51 [info]: Usuário atualizado: 65cbce9a69120cb19b9d4b94
13-02-2024 19:53:51 [info]: Acesso realizado: 65cbce9a69120cb19b9d4b94
13-02-2024 20:38:59 [info]: Usuário atualizado: 65cbce9a69120cb19b9d4b94
13-02-2024 21:31:59 [info]: Acesso realizado: 65cbce9a69120cb19b9d4b94
