11-02-2024 17:05:37 [error]: erro.tokenRenovacaoInvalido
11-02-2024 17:14:03 [error]:  null
11-02-2024 17:17:10 [warning]: erro.senhaIncorreta
11-02-2024 17:17:12 [warning]: erro.senhaIncorreta
11-02-2024 17:17:13 [warning]: erro.senhaIncorreta
11-02-2024 17:17:29 [error]: Token inválido. Acesso negado! invalid token
11-02-2024 17:21:53 [warning]: Senha inválida. Por favor, tente novamente.
11-02-2024 18:03:57 [warning]: Tentativa de acesso com e-mail inexistente. E-mail: badefernandosa@test.com
11-02-2024 18:04:11 [warning]: Tentativa de acesso com senha incorreta. Usuario: {{usuario.email}}.
11-02-2024 18:10:24 [warning]: Tentativa de acesso com e-mail inexistente. E-mail: badefernaasdasdndo@test.com
11-02-2024 18:11:01 [warning]: Tentativa de acesso com senha incorreta. Usuario: badefernando@test.com.
11-02-2024 18:51:15 [warning]: Tentativa de acesso com e-mail inexistente. E-mail: badefernando@test.comm
11-02-2024 18:51:34 [warning]: Tentativa de acesso com senha incorreta. Usuário: {{usuario.email}}
11-02-2024 18:53:00 [warning]: Tentativa de acesso com senha incorreta. Usuário: badefernando@test.com
11-02-2024 18:55:55 [warning]: Tentativa de acesso com e-mail inexistente. E-mail: badefernand  o@test.com
11-02-2024 18:56:00 [warning]: Tentativa de acesso com senha incorreta. Usuário: badefernando@test.com
11-02-2024 18:56:05 [info]: Usuário conectado. Usuário: badefernando@test.com
11-02-2024 19:58:19 [info]: Login realizado com sucesso: Usuario: badefernando@test.com
11-02-2024 20:09:06 [info]: Novo usuário registrado com sucesso. Usuário: gandalf@cinzento.com
11-02-2024 20:11:00 [info]: Novo usuário registrado com sucesso. Usuário: joao@silva.com
11-02-2024 20:11:41 [error]: log.erroExcluirUsuario
11-02-2024 20:14:47 [error]: Erro ao excluir um usuário. ID enviado: 65c954043cf4473afb6b1sdsd837
11-02-2024 20:15:54 [error]: Erro ao excluir um usuário. ID enviado: 65c954043cf4473afb6b1sdsd837
11-02-2024 20:17:58 [error]: Erro ao excluir um usuário. ID enviado: 65c954043cf4473afb6asdasdb1sdsd837
11-02-2024 20:19:17 [info]: Usuário excluído com sucesso. Usuário: joao@silva.com
11-02-2024 20:27:18 [info]: Alteração de dados realizada com sucesso. Usuario: {{usuario}}. Dados alterados: {"formatoData":"MM/DD/YYYY","moeda":"USD"}
11-02-2024 20:29:08 [info]: Alteração de dados realizada com sucesso. Usuario: 65c953923cf4473afb6b1833. Dados alterados: {"formatoData":"MM/DD/YYYY","moeda":"USD"}
