10-03-2024 09:50:44 [notice]: Usuário atualizado com sucesso 65e35e482e3d2bb2fa2447f2
10-03-2024 09:50:45 [notice]: Acesso realizado com sucesso: 65e35e482e3d2bb2fa2447f2
10-03-2024 09:51:37 [info]: Novo cartão de crédito registrado com sucesso: 65edacd9ba82382cf385dc5d
10-03-2024 09:51:38 [notice]: Usuário atualizado com sucesso 65e35e482e3d2bb2fa2447f2
10-03-2024 11:14:26 [info]: Novo cartão de crédito registrado com sucesso: 65edc042d61fa18081e5e782
10-03-2024 11:14:26 [notice]: Usuário atualizado com sucesso 65e35e482e3d2bb2fa2447f2
10-03-2024 11:15:50 [error]: Erro interno do servidor. SyntaxError: Unexpected string in JSON at position 11
    at JSON.parse (<anonymous>)
    at parse (C:\GitHub\laurus\server\node_modules\body-parser\lib\types\json.js:89:19)
    at C:\GitHub\laurus\server\node_modules\body-parser\lib\read.js:128:18
    at AsyncResource.runInAsyncScope (node:async_hooks:203:9)
    at invokeCallback (C:\GitHub\laurus\server\node_modules\raw-body\index.js:231:16)
    at done (C:\GitHub\laurus\server\node_modules\raw-body\index.js:220:7)
    at IncomingMessage.onEnd (C:\GitHub\laurus\server\node_modules\raw-body\index.js:280:7)
    at IncomingMessage.emit (node:events:514:28)
    at IncomingMessage.emit (node:domain:489:12)
    at endReadableNT (node:internal/streams/readable:1359:12)
10-03-2024 11:16:06 [notice]: Cartão de crédito atualizado com sucesso: 65edacd9ba82382cf385dc5d
10-03-2024 11:16:09 [error]: Erro interno do servidor. CastError: Cast to ObjectId failed for value "65edacd9ba82382cf385dc5da" (type string) at path "_id" for model "CartaoCredito"
    at SchemaObjectId.cast (C:\GitHub\laurus\server\node_modules\mongoose\lib\schema\objectId.js:250:11)
    at SchemaObjectId.SchemaType.applySetters (C:\GitHub\laurus\server\node_modules\mongoose\lib\schemaType.js:1219:12)
    at SchemaObjectId.SchemaType.castForQuery (C:\GitHub\laurus\server\node_modules\mongoose\lib\schemaType.js:1633:15)
    at cast (C:\GitHub\laurus\server\node_modules\mongoose\lib\cast.js:375:32)
    at model.Query.Query.cast (C:\GitHub\laurus\server\node_modules\mongoose\lib\query.js:4768:12)
    at model.Query.Query._castConditions (C:\GitHub\laurus\server\node_modules\mongoose\lib\query.js:2200:10)
    at model.Query._findOneAndUpdate (C:\GitHub\laurus\server\node_modules\mongoose\lib\query.js:3242:8)
    at model.Query.exec (C:\GitHub\laurus\server\node_modules\mongoose\lib\query.js:4290:80)
    at processTicksAndRejections (node:internal/process/task_queues:95:5)
    at async atualizarCartaoCredito (C:\GitHub\laurus\server\src\controllers\cartaoCreditoController.ts:48:45)
10-03-2024 14:27:12 [error]: Erro interno do servidor. CastError: Cast to ObjectId failed for value "65edacd9ba82382cf385dc5ds" (type string) at path "_id" for model "CartaoCredito"
    at SchemaObjectId.cast (C:\GitHub\laurus\server\node_modules\mongoose\lib\schema\objectId.js:250:11)
    at SchemaObjectId.SchemaType.applySetters (C:\GitHub\laurus\server\node_modules\mongoose\lib\schemaType.js:1219:12)
    at SchemaObjectId.SchemaType.castForQuery (C:\GitHub\laurus\server\node_modules\mongoose\lib\schemaType.js:1633:15)
    at cast (C:\GitHub\laurus\server\node_modules\mongoose\lib\cast.js:375:32)
    at model.Query.Query.cast (C:\GitHub\laurus\server\node_modules\mongoose\lib\query.js:4768:12)
    at model.Query.Query._castConditions (C:\GitHub\laurus\server\node_modules\mongoose\lib\query.js:2200:10)
    at model.Query._findOne (C:\GitHub\laurus\server\node_modules\mongoose\lib\query.js:2484:8)
    at model.Query.exec (C:\GitHub\laurus\server\node_modules\mongoose\lib\query.js:4290:80)
    at processTicksAndRejections (node:internal/process/task_queues:95:5)
    at async obterCartaoCreditoPorId (C:\GitHub\laurus\server\src\controllers\cartaoCreditoController.ts:35:35)
10-03-2024 20:37:48 [error]: Erro interno do servidor. CastError: Cast to ObjectId failed for value "65edacd9ba82382cf385dc5ds" (type string) at path "_id" for model "CartaoCredito"
    at SchemaObjectId.cast (C:\GitHub\laurus\server\node_modules\mongoose\lib\schema\objectId.js:250:11)
    at SchemaObjectId.SchemaType.applySetters (C:\GitHub\laurus\server\node_modules\mongoose\lib\schemaType.js:1219:12)
    at SchemaObjectId.SchemaType.castForQuery (C:\GitHub\laurus\server\node_modules\mongoose\lib\schemaType.js:1633:15)
    at cast (C:\GitHub\laurus\server\node_modules\mongoose\lib\cast.js:375:32)
    at model.Query.Query.cast (C:\GitHub\laurus\server\node_modules\mongoose\lib\query.js:4768:12)
    at model.Query.Query._castConditions (C:\GitHub\laurus\server\node_modules\mongoose\lib\query.js:2200:10)
    at model.Query._findOne (C:\GitHub\laurus\server\node_modules\mongoose\lib\query.js:2484:8)
    at model.Query.exec (C:\GitHub\laurus\server\node_modules\mongoose\lib\query.js:4290:80)
    at processTicksAndRejections (node:internal/process/task_queues:95:5)
    at async obterCartaoCreditoPorId (C:\GitHub\laurus\server\src\controllers\cartaoCreditoController.ts:39:35)
10-03-2024 20:38:14 [error]: Erro interno do servidor. CastError: Cast to ObjectId failed for value "65edc042d61fa18081e5e782s" (type string) at path "_id" for model "CartaoCredito"
    at SchemaObjectId.cast (C:\GitHub\laurus\server\node_modules\mongoose\lib\schema\objectId.js:250:11)
    at SchemaObjectId.SchemaType.applySetters (C:\GitHub\laurus\server\node_modules\mongoose\lib\schemaType.js:1219:12)
    at SchemaObjectId.SchemaType.castForQuery (C:\GitHub\laurus\server\node_modules\mongoose\lib\schemaType.js:1633:15)
    at cast (C:\GitHub\laurus\server\node_modules\mongoose\lib\cast.js:375:32)
    at model.Query.Query.cast (C:\GitHub\laurus\server\node_modules\mongoose\lib\query.js:4768:12)
    at model.Query.Query._castConditions (C:\GitHub\laurus\server\node_modules\mongoose\lib\query.js:2200:10)
    at model.Query._findOne (C:\GitHub\laurus\server\node_modules\mongoose\lib\query.js:2484:8)
    at model.Query.exec (C:\GitHub\laurus\server\node_modules\mongoose\lib\query.js:4290:80)
    at processTicksAndRejections (node:internal/process/task_queues:95:5)
    at async obterCartaoCreditoPorId (C:\GitHub\laurus\server\src\controllers\cartaoCreditoController.ts:39:35)
10-03-2024 20:38:25 [error]: Erro interno do servidor. CastError: Cast to ObjectId failed for value "65edacd9ba82382cf385dc5da" (type string) at path "_id" for model "CartaoCredito"
    at SchemaObjectId.cast (C:\GitHub\laurus\server\node_modules\mongoose\lib\schema\objectId.js:250:11)
    at SchemaObjectId.SchemaType.applySetters (C:\GitHub\laurus\server\node_modules\mongoose\lib\schemaType.js:1219:12)
    at SchemaObjectId.SchemaType.castForQuery (C:\GitHub\laurus\server\node_modules\mongoose\lib\schemaType.js:1633:15)
    at cast (C:\GitHub\laurus\server\node_modules\mongoose\lib\cast.js:375:32)
    at model.Query.Query.cast (C:\GitHub\laurus\server\node_modules\mongoose\lib\query.js:4768:12)
    at model.Query.Query._castConditions (C:\GitHub\laurus\server\node_modules\mongoose\lib\query.js:2200:10)
    at model.Query._findOneAndUpdate (C:\GitHub\laurus\server\node_modules\mongoose\lib\query.js:3242:8)
    at model.Query.exec (C:\GitHub\laurus\server\node_modules\mongoose\lib\query.js:4290:80)
    at processTicksAndRejections (node:internal/process/task_queues:95:5)
    at async atualizarCartaoCredito (C:\GitHub\laurus\server\src\controllers\cartaoCreditoController.ts:50:45)
10-03-2024 20:38:30 [notice]: Cartão de crédito atualizado com sucesso: 65edc042d61fa18081e5e782
10-03-2024 20:39:03 [error]: Erro interno do servidor. CastError: Cast to ObjectId failed for value "usuario=65e35e482e3d2bb2fa2447f2" (type string) at path "_id" for model "CartaoCredito"
    at SchemaObjectId.cast (C:\GitHub\laurus\server\node_modules\mongoose\lib\schema\objectId.js:250:11)
    at SchemaObjectId.SchemaType.applySetters (C:\GitHub\laurus\server\node_modules\mongoose\lib\schemaType.js:1219:12)
    at SchemaObjectId.SchemaType.castForQuery (C:\GitHub\laurus\server\node_modules\mongoose\lib\schemaType.js:1633:15)
    at cast (C:\GitHub\laurus\server\node_modules\mongoose\lib\cast.js:375:32)
    at model.Query.Query.cast (C:\GitHub\laurus\server\node_modules\mongoose\lib\query.js:4768:12)
    at model.Query.Query._castConditions (C:\GitHub\laurus\server\node_modules\mongoose\lib\query.js:2200:10)
    at model.Query._findOne (C:\GitHub\laurus\server\node_modules\mongoose\lib\query.js:2484:8)
    at model.Query.exec (C:\GitHub\laurus\server\node_modules\mongoose\lib\query.js:4290:80)
    at processTicksAndRejections (node:internal/process/task_queues:95:5)
    at async obterCartaoCreditoPorId (C:\GitHub\laurus\server\src\controllers\cartaoCreditoController.ts:39:35)
10-03-2024 20:48:10 [notice]: Cartão de crédito atualizado com sucesso: 65edc042d61fa18081e5e782
10-03-2024 20:48:12 [notice]: Cartão de crédito atualizado com sucesso: 65e3d8db6085a3b531c3b3aa
10-03-2024 20:50:07 [warning]: Cartão de crédito excluído com sucesso: 65a9e7ca70302560e11a77c9
10-03-2024 20:50:07 [error]: Erro interno do servidor. TypeError: Cannot read properties of null (reading '_id')
    at model.Query.<anonymous> (C:\GitHub\laurus\server\src\models\usuario.ts:55:75)
    at callMiddlewareFunction (C:\GitHub\laurus\server\node_modules\kareem\index.js:628:27)
    at next (C:\GitHub\laurus\server\node_modules\kareem\index.js:263:9)
    at Kareem.execPost (C:\GitHub\laurus\server\node_modules\kareem\index.js:296:3)
    at C:\GitHub\laurus\server\node_modules\mongoose\lib\query.js:4341:28
    at new Promise (<anonymous>)
    at _executePostHooks (C:\GitHub\laurus\server\node_modules\mongoose\lib\query.js:4338:10)
    at model.Query.exec (C:\GitHub\laurus\server\node_modules\mongoose\lib\query.js:4303:15)
    at processTicksAndRejections (node:internal/process/task_queues:95:5)
    at async excluirCartaoCredito (C:\GitHub\laurus\server\src\controllers\cartaoCreditoController.ts:81:17)
10-03-2024 20:56:03 [warning]: Cartão de crédito excluído com sucesso: 65e3d8db6085a3b531c3b3aa
10-03-2024 20:56:03 [notice]: Usuário atualizado com sucesso 65e35e482e3d2bb2fa2447f2
10-03-2024 20:56:58 [info]: Novo cartão de crédito registrado com sucesso: 65ee48ca3d9fabd397a609f8
10-03-2024 20:56:58 [notice]: Usuário atualizado com sucesso 65e35e482e3d2bb2fa2447f2
10-03-2024 20:57:05 [notice]: Cartão de crédito atualizado com sucesso: 65ee48ca3d9fabd397a609f8
10-03-2024 20:57:50 [info]: Novo cartão de crédito registrado com sucesso: 65ee48fe3d9fabd397a60a05
10-03-2024 20:57:50 [notice]: Usuário atualizado com sucesso 65e35e482e3d2bb2fa2447f2
10-03-2024 21:19:51 [warning]: Cartão de crédito excluído com sucesso: 65edacd9ba82382cf385dc5d
10-03-2024 21:19:51 [notice]: Usuário atualizado com sucesso 65e35e482e3d2bb2fa2447f2
10-03-2024 21:19:59 [error]: Erro interno do servidor. CastError: Cast to ObjectId failed for value "65edacd9ba82382cf385dc5d-" (type string) at path "_id" for model "CartaoCredito"
    at SchemaObjectId.cast (C:\GitHub\laurus\server\node_modules\mongoose\lib\schema\objectId.js:250:11)
    at SchemaObjectId.SchemaType.applySetters (C:\GitHub\laurus\server\node_modules\mongoose\lib\schemaType.js:1219:12)
    at SchemaObjectId.SchemaType.castForQuery (C:\GitHub\laurus\server\node_modules\mongoose\lib\schemaType.js:1633:15)
    at cast (C:\GitHub\laurus\server\node_modules\mongoose\lib\cast.js:375:32)
    at model.Query.Query.cast (C:\GitHub\laurus\server\node_modules\mongoose\lib\query.js:4768:12)
    at model.Query.Query._castConditions (C:\GitHub\laurus\server\node_modules\mongoose\lib\query.js:2200:10)
    at model.Query._findOne (C:\GitHub\laurus\server\node_modules\mongoose\lib\query.js:2484:8)
    at model.Query.exec (C:\GitHub\laurus\server\node_modules\mongoose\lib\query.js:4290:80)
    at processTicksAndRejections (node:internal/process/task_queues:95:5)
    at async excluirCartaoCredito (C:\GitHub\laurus\server\src\controllers\cartaoCreditoController.ts:70:35)
