04-03-2024 01:56:10 [warning]: Cartão de crédito excluído com sucesso: 65e3f965e22d5863a4b6333f
04-03-2024 01:56:10 [notice]: Usuário atualizado com sucesso 65e3f740885a66026484fea1
04-03-2024 01:56:34 [warning]: Cartão de crédito excluído com sucesso: 65e3f887ed858555a768c456
04-03-2024 01:56:34 [notice]: Usuário atualizado com sucesso 65e3f740885a66026484fea1
04-03-2024 01:56:44 [warning]: Cartão de crédito excluído com sucesso: 65e3e047cf30dcefb287ea64
04-03-2024 01:56:44 [notice]: Usuário atualizado com sucesso 65e35e482e3d2bb2fa2447f2
04-03-2024 01:57:05 [warning]: Cartão de crédito excluído com sucesso: 65e3d99e6085a3b531c3b3c4
04-03-2024 01:57:05 [notice]: Usuário atualizado com sucesso 65e35e482e3d2bb2fa2447f2
04-03-2024 01:57:24 [info]: Nova despesa no cartão de crédito cadastrada com sucesso: 65e554b47653e68fe0899f7d
04-03-2024 01:57:24 [notice]: Cartão de crédito atualizado com sucesso: 65e3d8db6085a3b531c3b3aa
04-03-2024 01:57:30 [info]: Nova despesa no cartão de crédito cadastrada com sucesso: 65e554ba7653e68fe0899f83
04-03-2024 01:57:30 [notice]: Cartão de crédito atualizado com sucesso: 65e3d8db6085a3b531c3b3aa
04-03-2024 01:57:43 [info]: Nova despesa no cartão de crédito cadastrada com sucesso: 65e554c77653e68fe0899f89
04-03-2024 01:57:43 [notice]: Cartão de crédito atualizado com sucesso: 65e3d8db6085a3b531c3b3aa
04-03-2024 01:57:46 [info]: Nova despesa no cartão de crédito cadastrada com sucesso: 65e554ca7653e68fe0899f8f
04-03-2024 01:57:47 [notice]: Cartão de crédito atualizado com sucesso: 65e3d8db6085a3b531c3b3aa
04-03-2024 01:57:50 [info]: Nova despesa no cartão de crédito cadastrada com sucesso: 65e554ce7653e68fe0899f95
04-03-2024 01:57:50 [notice]: Cartão de crédito atualizado com sucesso: 65e3d8db6085a3b531c3b3aa
04-03-2024 01:57:58 [info]: Nova despesa no cartão de crédito cadastrada com sucesso: 65e554d67653e68fe0899f9b
04-03-2024 01:57:58 [notice]: Cartão de crédito atualizado com sucesso: 65e3d8db6085a3b531c3b3aa
04-03-2024 01:58:22 [error]: Erro interno do servidor. CastError: Cast to ObjectId failed for value "{ id: '65e554d67653e68fe0899f9b' }" (type Object) at path "_id" for model "DespesaCartaoCredito"
    at SchemaObjectId.cast (C:\GitHub\laurus\server\node_modules\mongoose\lib\schema\objectId.js:250:11)
    at SchemaObjectId.SchemaType.applySetters (C:\GitHub\laurus\server\node_modules\mongoose\lib\schemaType.js:1219:12)
    at SchemaObjectId.SchemaType.castForQuery (C:\GitHub\laurus\server\node_modules\mongoose\lib\schemaType.js:1633:15)
    at cast (C:\GitHub\laurus\server\node_modules\mongoose\lib\cast.js:304:34)
    at model.Query.Query.cast (C:\GitHub\laurus\server\node_modules\mongoose\lib\query.js:4768:12)
    at model.Query.Query._castConditions (C:\GitHub\laurus\server\node_modules\mongoose\lib\query.js:2200:10)
    at model.Query._findOne (C:\GitHub\laurus\server\node_modules\mongoose\lib\query.js:2484:8)
    at model.Query.exec (C:\GitHub\laurus\server\node_modules\mongoose\lib\query.js:4290:80)
    at processTicksAndRejections (node:internal/process/task_queues:95:5)
    at async obterDespesaCartaoCreditoPorId (C:\GitHub\laurus\server\src\controllers\despesaCartaoCreditoController.ts:110:42)
04-03-2024 01:59:59 [error]: Erro interno do servidor. CastError: Cast to ObjectId failed for value "{ id: '65e554d67653e68fe0899f9b' }" (type Object) at path "_id" for model "DespesaCartaoCredito"
    at SchemaObjectId.cast (C:\GitHub\laurus\server\node_modules\mongoose\lib\schema\objectId.js:250:11)
    at SchemaObjectId.SchemaType.applySetters (C:\GitHub\laurus\server\node_modules\mongoose\lib\schemaType.js:1219:12)
    at SchemaObjectId.SchemaType.castForQuery (C:\GitHub\laurus\server\node_modules\mongoose\lib\schemaType.js:1633:15)
    at cast (C:\GitHub\laurus\server\node_modules\mongoose\lib\cast.js:304:34)
    at model.Query.Query.cast (C:\GitHub\laurus\server\node_modules\mongoose\lib\query.js:4768:12)
    at model.Query.Query._castConditions (C:\GitHub\laurus\server\node_modules\mongoose\lib\query.js:2200:10)
    at model.Query._findOne (C:\GitHub\laurus\server\node_modules\mongoose\lib\query.js:2484:8)
    at model.Query.exec (C:\GitHub\laurus\server\node_modules\mongoose\lib\query.js:4290:80)
    at processTicksAndRejections (node:internal/process/task_queues:95:5)
    at async obterDespesaCartaoCreditoPorId (C:\GitHub\laurus\server\src\controllers\despesaCartaoCreditoController.ts:110:42)
04-03-2024 02:03:21 [error]: Erro interno do servidor. CastError: Cast to ObjectId failed for value "{ id: '65e554b47653e68fe0899f7d' }" (type Object) at path "_id" for model "DespesaCartaoCredito"
    at SchemaObjectId.cast (C:\GitHub\laurus\server\node_modules\mongoose\lib\schema\objectId.js:250:11)
    at SchemaObjectId.SchemaType.applySetters (C:\GitHub\laurus\server\node_modules\mongoose\lib\schemaType.js:1219:12)
    at SchemaObjectId.SchemaType.castForQuery (C:\GitHub\laurus\server\node_modules\mongoose\lib\schemaType.js:1633:15)
    at cast (C:\GitHub\laurus\server\node_modules\mongoose\lib\cast.js:304:34)
    at model.Query.Query.cast (C:\GitHub\laurus\server\node_modules\mongoose\lib\query.js:4768:12)
    at model.Query.Query._castConditions (C:\GitHub\laurus\server\node_modules\mongoose\lib\query.js:2200:10)
    at model.Query._findOne (C:\GitHub\laurus\server\node_modules\mongoose\lib\query.js:2484:8)
    at model.Query.exec (C:\GitHub\laurus\server\node_modules\mongoose\lib\query.js:4290:80)
    at processTicksAndRejections (node:internal/process/task_queues:95:5)
    at async obterDespesaCartaoCreditoPorId (C:\GitHub\laurus\server\src\controllers\despesaCartaoCreditoController.ts:110:42)
04-03-2024 02:05:10 [error]: Erro interno do servidor. CastError: Cast to ObjectId failed for value "{ id: '65e554ca7653e68fe0899f8f' }" (type Object) at path "_id" for model "DespesaCartaoCredito"
    at SchemaObjectId.cast (C:\GitHub\laurus\server\node_modules\mongoose\lib\schema\objectId.js:250:11)
    at SchemaObjectId.SchemaType.applySetters (C:\GitHub\laurus\server\node_modules\mongoose\lib\schemaType.js:1219:12)
    at SchemaObjectId.SchemaType.castForQuery (C:\GitHub\laurus\server\node_modules\mongoose\lib\schemaType.js:1633:15)
    at cast (C:\GitHub\laurus\server\node_modules\mongoose\lib\cast.js:304:34)
    at model.Query.Query.cast (C:\GitHub\laurus\server\node_modules\mongoose\lib\query.js:4768:12)
    at model.Query.Query._castConditions (C:\GitHub\laurus\server\node_modules\mongoose\lib\query.js:2200:10)
    at model.Query._findOne (C:\GitHub\laurus\server\node_modules\mongoose\lib\query.js:2484:8)
    at model.Query.exec (C:\GitHub\laurus\server\node_modules\mongoose\lib\query.js:4290:80)
    at processTicksAndRejections (node:internal/process/task_queues:95:5)
    at async obterDespesaCartaoCreditoPorId (C:\GitHub\laurus\server\src\controllers\despesaCartaoCreditoController.ts:110:42)
04-03-2024 02:06:58 [error]: Erro interno do servidor. CastError: Cast to ObjectId failed for value "{ id: '65e554ca7653e68fe0899f8f' }" (type Object) at path "_id" for model "DespesaCartaoCredito"
    at SchemaObjectId.cast (C:\GitHub\laurus\server\node_modules\mongoose\lib\schema\objectId.js:250:11)
    at SchemaObjectId.SchemaType.applySetters (C:\GitHub\laurus\server\node_modules\mongoose\lib\schemaType.js:1219:12)
    at SchemaObjectId.SchemaType.castForQuery (C:\GitHub\laurus\server\node_modules\mongoose\lib\schemaType.js:1633:15)
    at cast (C:\GitHub\laurus\server\node_modules\mongoose\lib\cast.js:304:34)
    at model.Query.Query.cast (C:\GitHub\laurus\server\node_modules\mongoose\lib\query.js:4768:12)
    at model.Query.Query._castConditions (C:\GitHub\laurus\server\node_modules\mongoose\lib\query.js:2200:10)
    at model.Query._findOne (C:\GitHub\laurus\server\node_modules\mongoose\lib\query.js:2484:8)
    at model.Query.exec (C:\GitHub\laurus\server\node_modules\mongoose\lib\query.js:4290:80)
    at processTicksAndRejections (node:internal/process/task_queues:95:5)
    at async obterDespesaCartaoCreditoPorId (C:\GitHub\laurus\server\src\controllers\despesaCartaoCreditoController.ts:110:42)
04-03-2024 02:12:00 [notice]: Despesa no cartão de crédito atualizada com sucesso: 65e554d67653e68fe0899f9b
04-03-2024 02:12:18 [error]: Erro interno do servidor. CastError: Cast to ObjectId failed for value "65e554d67653e68fe0899f9bs" (type string) at path "_id" for model "DespesaCartaoCredito"
    at SchemaObjectId.cast (C:\GitHub\laurus\server\node_modules\mongoose\lib\schema\objectId.js:250:11)
    at SchemaObjectId.SchemaType.applySetters (C:\GitHub\laurus\server\node_modules\mongoose\lib\schemaType.js:1219:12)
    at SchemaObjectId.SchemaType.castForQuery (C:\GitHub\laurus\server\node_modules\mongoose\lib\schemaType.js:1633:15)
    at cast (C:\GitHub\laurus\server\node_modules\mongoose\lib\cast.js:375:32)
    at model.Query.Query.cast (C:\GitHub\laurus\server\node_modules\mongoose\lib\query.js:4768:12)
    at model.Query.Query._castConditions (C:\GitHub\laurus\server\node_modules\mongoose\lib\query.js:2200:10)
    at model.Query._findOne (C:\GitHub\laurus\server\node_modules\mongoose\lib\query.js:2484:8)
    at model.Query.exec (C:\GitHub\laurus\server\node_modules\mongoose\lib\query.js:4290:80)
    at processTicksAndRejections (node:internal/process/task_queues:95:5)
    at async obterDespesaCartaoCreditoPorId (C:\GitHub\laurus\server\src\controllers\despesaCartaoCreditoController.ts:105:42)
04-03-2024 02:12:32 [error]: Erro interno do servidor. CastError: Cast to ObjectId failed for value "{ id: '65e554d67653e68fe0899f9b' }" (type Object) at path "_id" for model "DespesaCartaoCredito"
    at SchemaObjectId.cast (C:\GitHub\laurus\server\node_modules\mongoose\lib\schema\objectId.js:250:11)
    at SchemaObjectId.SchemaType.applySetters (C:\GitHub\laurus\server\node_modules\mongoose\lib\schemaType.js:1219:12)
    at SchemaObjectId.SchemaType.castForQuery (C:\GitHub\laurus\server\node_modules\mongoose\lib\schemaType.js:1633:15)
    at cast (C:\GitHub\laurus\server\node_modules\mongoose\lib\cast.js:304:34)
    at model.Query.Query.cast (C:\GitHub\laurus\server\node_modules\mongoose\lib\query.js:4768:12)
    at model.Query.Query._castConditions (C:\GitHub\laurus\server\node_modules\mongoose\lib\query.js:2200:10)
    at model.Query._findOneAndDelete (C:\GitHub\laurus\server\node_modules\mongoose\lib\query.js:3383:8)
    at model.Query.exec (C:\GitHub\laurus\server\node_modules\mongoose\lib\query.js:4290:80)
    at processTicksAndRejections (node:internal/process/task_queues:95:5)
    at async excluirDespesaCartaoCredito (C:\GitHub\laurus\server\src\controllers\despesaCartaoCreditoController.ts:142:13)
04-03-2024 02:13:48 [error]: Erro interno do servidor. CastError: Cast to ObjectId failed for value "{ id: '65e554ca7653e68fe0899f8f' }" (type Object) at path "_id" for model "DespesaCartaoCredito"
    at SchemaObjectId.cast (C:\GitHub\laurus\server\node_modules\mongoose\lib\schema\objectId.js:250:11)
    at SchemaObjectId.SchemaType.applySetters (C:\GitHub\laurus\server\node_modules\mongoose\lib\schemaType.js:1219:12)
    at SchemaObjectId.SchemaType.castForQuery (C:\GitHub\laurus\server\node_modules\mongoose\lib\schemaType.js:1633:15)
    at cast (C:\GitHub\laurus\server\node_modules\mongoose\lib\cast.js:304:34)
    at model.Query.Query.cast (C:\GitHub\laurus\server\node_modules\mongoose\lib\query.js:4768:12)
    at model.Query.Query._castConditions (C:\GitHub\laurus\server\node_modules\mongoose\lib\query.js:2200:10)
    at model.Query._findOneAndDelete (C:\GitHub\laurus\server\node_modules\mongoose\lib\query.js:3383:8)
    at model.Query.exec (C:\GitHub\laurus\server\node_modules\mongoose\lib\query.js:4290:80)
    at processTicksAndRejections (node:internal/process/task_queues:95:5)
    at async excluirDespesaCartaoCredito (C:\GitHub\laurus\server\src\controllers\despesaCartaoCreditoController.ts:142:13)
04-03-2024 02:13:51 [error]: Erro interno do servidor. CastError: Cast to ObjectId failed for value "{ id: '65e554ca7653e68fe0899f8f' }" (type Object) at path "_id" for model "DespesaCartaoCredito"
    at SchemaObjectId.cast (C:\GitHub\laurus\server\node_modules\mongoose\lib\schema\objectId.js:250:11)
    at SchemaObjectId.SchemaType.applySetters (C:\GitHub\laurus\server\node_modules\mongoose\lib\schemaType.js:1219:12)
    at SchemaObjectId.SchemaType.castForQuery (C:\GitHub\laurus\server\node_modules\mongoose\lib\schemaType.js:1633:15)
    at cast (C:\GitHub\laurus\server\node_modules\mongoose\lib\cast.js:304:34)
    at model.Query.Query.cast (C:\GitHub\laurus\server\node_modules\mongoose\lib\query.js:4768:12)
    at model.Query.Query._castConditions (C:\GitHub\laurus\server\node_modules\mongoose\lib\query.js:2200:10)
    at model.Query._findOneAndDelete (C:\GitHub\laurus\server\node_modules\mongoose\lib\query.js:3383:8)
    at model.Query.exec (C:\GitHub\laurus\server\node_modules\mongoose\lib\query.js:4290:80)
    at processTicksAndRejections (node:internal/process/task_queues:95:5)
    at async excluirDespesaCartaoCredito (C:\GitHub\laurus\server\src\controllers\despesaCartaoCreditoController.ts:142:13)
04-03-2024 02:13:53 [error]: Erro interno do servidor. CastError: Cast to ObjectId failed for value "{ id: '65e554ca7653e68fe0899f8f' }" (type Object) at path "_id" for model "DespesaCartaoCredito"
    at SchemaObjectId.cast (C:\GitHub\laurus\server\node_modules\mongoose\lib\schema\objectId.js:250:11)
    at SchemaObjectId.SchemaType.applySetters (C:\GitHub\laurus\server\node_modules\mongoose\lib\schemaType.js:1219:12)
    at SchemaObjectId.SchemaType.castForQuery (C:\GitHub\laurus\server\node_modules\mongoose\lib\schemaType.js:1633:15)
    at cast (C:\GitHub\laurus\server\node_modules\mongoose\lib\cast.js:304:34)
    at model.Query.Query.cast (C:\GitHub\laurus\server\node_modules\mongoose\lib\query.js:4768:12)
    at model.Query.Query._castConditions (C:\GitHub\laurus\server\node_modules\mongoose\lib\query.js:2200:10)
    at model.Query._findOneAndDelete (C:\GitHub\laurus\server\node_modules\mongoose\lib\query.js:3383:8)
    at model.Query.exec (C:\GitHub\laurus\server\node_modules\mongoose\lib\query.js:4290:80)
    at processTicksAndRejections (node:internal/process/task_queues:95:5)
    at async excluirDespesaCartaoCredito (C:\GitHub\laurus\server\src\controllers\despesaCartaoCreditoController.ts:142:13)
04-03-2024 02:17:03 [warning]: Despesa no cartão de crédito excluída com sucesso: 65e554d67653e68fe0899f9b
04-03-2024 02:17:03 [notice]: Cartão de crédito atualizado com sucesso: 65e3d8db6085a3b531c3b3aa
04-03-2024 02:17:31 [warning]: Despesa no cartão de crédito excluída com sucesso: 65e554ce7653e68fe0899f95
04-03-2024 02:17:31 [notice]: Cartão de crédito atualizado com sucesso: 65e3d8db6085a3b531c3b3aa
